[04.05.2026 20:45:03,83] Starting PM2 services... 
[PM2] Spawning PM2 daemon with pm2_home=C:\Users\user\.pm2
[PM2] PM2 Successfully daemonized
[PM2] Resurrecting
[PM2] Restoring processes located in C:\Users\user\.pm2\dump.pm2
[PM2] Process c:\AURUM\server.js restored
[PM2] Process C:\PROGRAM FILES\NODEJS\NPX.CMD restored
[PM2] Process c:\Projects\FinMob\backend\index.js restored
в”Ңв”Җв”Җв”Җв”Җв”¬в”Җв”Җв”Җв”Җв”Җв”Җв”Җв”Җв”Җв”Җв”Җв”Җв”Җв”Җв”Җв”Җв”Җв”Җв”Җв”¬в”Җв”Җв”Җв”Җв”Җв”Җв”Җв”Җв”Җв”Җв”Җв”Җв”Җв”¬в”Җв”Җв”Җв”Җв”Җв”Җв”Җв”Җв”Җв”¬в”Җв”Җв”Җв”Җв”Җв”Җв”Җв”Җв”Җв”¬в”Җв”Җв”Җв”Җв”Җв”Җв”Җв”Җв”Җв”Җв”¬в”Җв”Җв”Җв”Җв”Җв”Җв”Җв”Җв”¬в”Җв”Җв”Җв”Җв”Җв”Җв”¬в”Җв”Җв”Җв”Җв”Җв”Җв”Җв”Җв”Җв”Җв”Җв”¬в”Җв”Җв”Җв”Җв”Җв”Җв”Җв”Җв”Җв”Җв”¬в”Җв”Җв”Җв”Җв”Җв”Җв”Җв”Җв”Җв”Җв”¬в”Җв”Җв”Җв”Җв”Җв”Җв”Җв”Җв”Җв”Җв”¬в”Җв”Җв”Җв”Җв”Җв”Җв”Җв”Җв”Җв”Җв”җ
в”Ӯ id в”Ӯ name              в”Ӯ namespace   в”Ӯ version в”Ӯ mode    в”Ӯ pid      в”Ӯ uptime в”Ӯ вҶә    в”Ӯ status    в”Ӯ cpu      в”Ӯ mem      в”Ӯ user     в”Ӯ watching в”Ӯ
в”ңв”Җв”Җв”Җв”Җв”јв”Җв”Җв”Җв”Җв”Җв”Җв”Җв”Җв”Җв”Җв”Җв”Җв”Җв”Җв”Җв”Җв”Җв”Җв”Җв”јв”Җв”Җв”Җв”Җв”Җв”Җв”Җв”Җв”Җв”Җв”Җв”Җв”Җв”јв”Җв”Җв”Җв”Җв”Җв”Җв”Җв”Җв”Җв”јв”Җв”Җв”Җв”Җв”Җв”Җв”Җв”Җв”Җв”јв”Җв”Җв”Җв”Җв”Җв”Җв”Җв”Җв”Җв”Җв”јв”Җв”Җв”Җв”Җв”Җв”Җв”Җв”Җв”јв”Җв”Җв”Җв”Җв”Җв”Җв”јв”Җв”Җв”Җв”Җв”Җв”Җв”Җв”Җв”Җв”Җв”Җв”јв”Җв”Җв”Җв”Җв”Җв”Җв”Җв”Җв”Җв”Җв”јв”Җв”Җв”Җв”Җв”Җв”Җв”Җв”Җв”Җв”Җв”јв”Җв”Җв”Җв”Җв”Җв”Җв”Җв”Җв”Җв”Җв”јв”Җв”Җв”Җв”Җв”Җв”Җв”Җв”Җв”Җв”Җв”Ө
в”Ӯ 0  в”Ӯ aurum-server      в”Ӯ default     в”Ӯ 2.0.0   в”Ӯ fork    в”Ӯ 10192    в”Ӯ 0s     в”Ӯ 0    в”Ӯ online    в”Ӯ 0%       в”Ӯ 0b       в”Ӯ user     в”Ӯ disabled в”Ӯ
в”Ӯ 1  в”Ӯ aurum-ui          в”Ӯ default     в”Ӯ N/A     в”Ӯ fork    в”Ӯ 15076    в”Ӯ 0s     в”Ӯ 0    в”Ӯ online    в”Ӯ 0%       в”Ӯ 0b       в”Ӯ user     в”Ӯ disabled в”Ӯ
в”Ӯ 2  в”Ӯ finmob-backend    в”Ӯ default     в”Ӯ 1.0.0   в”Ӯ fork    в”Ӯ 11956    в”Ӯ 0s     в”Ӯ 0    в”Ӯ online    в”Ӯ 0%       в”Ӯ 0b       в”Ӯ user     в”Ӯ disabled в”Ӯ
в””в”Җв”Җв”Җв”Җв”ҙв”Җв”Җв”Җв”Җв”Җв”Җв”Җв”Җв”Җв”Җв”Җв”Җв”Җв”Җв”Җв”Җв”Җв”Җв”Җв”ҙв”Җв”Җв”Җв”Җв”Җв”Җв”Җв”Җв”Җв”Җв”Җв”Җв”Җв”ҙв”Җв”Җв”Җв”Җв”Җв”Җв”Җв”Җв”Җв”ҙв”Җв”Җв”Җв”Җв”Җв”Җв”Җв”Җв”Җв”ҙв”Җв”Җв”Җв”Җв”Җв”Җв”Җв”Җв”Җв”Җв”ҙв”Җв”Җв”Җв”Җв”Җв”Җв”Җв”Җв”ҙв”Җв”Җв”Җв”Җв”Җв”Җв”ҙв”Җв”Җв”Җв”Җв”Җв”Җв”Җв”Җв”Җв”Җв”Җв”ҙв”Җв”Җв”Җв”Җв”Җв”Җв”Җв”Җв”Җв”Җв”ҙв”Җв”Җв”Җв”Җв”Җв”Җв”Җв”Җв”Җв”Җв”ҙв”Җв”Җв”Җв”Җв”Җв”Җв”Җв”Җв”Җв”Җв”ҙв”Җв”Җв”Җв”Җв”Җв”Җв”Җв”Җв”Җв”Җв”ҳ
[04.05.2026 20:45:19,03] PM2 resurrect done. 
[05.05.2026 12:50:19,85] Starting PM2 services... 
[PM2] Spawning PM2 daemon with pm2_home=C:\Users\user\.pm2
[PM2] PM2 Successfully daemonized
[PM2] Resurrecting
[PM2] Restoring processes located in C:\Users\user\.pm2\dump.pm2
[PM2] Process c:\AURUM\server.js restored
[PM2] Process C:\PROGRAM FILES\NODEJS\NPX.CMD restored
[PM2] Process c:\Projects\FinMob\backend\index.js restored
в”Ңв”Җв”Җв”Җв”Җв”¬в”Җв”Җв”Җв”Җв”Җв”Җв”Җв”Җв”Җв”Җв”Җв”Җв”Җв”Җв”Җв”Җв”Җв”Җв”Җв”¬в”Җв”Җв”Җв”Җв”Җв”Җв”Җв”Җв”Җв”Җв”Җв”Җв”Җв”¬в”Җв”Җв”Җв”Җв”Җв”Җв”Җв”Җв”Җв”¬в”Җв”Җв”Җв”Җв”Җв”Җв”Җв”Җв”Җв”¬в”Җв”Җв”Җв”Җв”Җв”Җв”Җв”Җв”Җв”Җв”¬в”Җв”Җв”Җв”Җв”Җв”Җв”Җв”Җв”¬в”Җв”Җв”Җв”Җв”Җв”Җв”¬в”Җв”Җв”Җв”Җв”Җв”Җв”Җв”Җв”Җв”Җв”Җв”¬в”Җв”Җв”Җв”Җв”Җв”Җв”Җв”Җв”Җв”Җв”¬в”Җв”Җв”Җв”Җв”Җв”Җв”Җв”Җв”Җв”Җв”¬в”Җв”Җв”Җв”Җв”Җв”Җв”Җв”Җв”Җв”Җв”¬в”Җв”Җв”Җв”Җв”Җв”Җв”Җв”Җв”Җв”Җв”җ
в”Ӯ id в”Ӯ name              в”Ӯ namespace   в”Ӯ version в”Ӯ mode    в”Ӯ pid      в”Ӯ uptime в”Ӯ вҶә    в”Ӯ status    в”Ӯ cpu      в”Ӯ mem      в”Ӯ user     в”Ӯ watching в”Ӯ
в”ңв”Җв”Җв”Җв”Җв”јв”Җв”Җв”Җв”Җв”Җв”Җв”Җв”Җв”Җв”Җв”Җв”Җв”Җв”Җв”Җв”Җв”Җв”Җв”Җв”јв”Җв”Җв”Җв”Җв”Җв”Җв”Җв”Җв”Җв”Җв”Җв”Җв”Җв”јв”Җв”Җв”Җв”Җв”Җв”Җв”Җв”Җв”Җв”јв”Җв”Җв”Җв”Җв”Җв”Җв”Җв”Җв”Җв”јв”Җв”Җв”Җв”Җв”Җв”Җв”Җв”Җв”Җв”Җв”јв”Җв”Җв”Җв”Җв”Җв”Җв”Җв”Җв”јв”Җв”Җв”Җв”Җв”Җв”Җв”јв”Җв”Җв”Җв”Җв”Җв”Җв”Җв”Җв”Җв”Җв”Җв”јв”Җв”Җв”Җв”Җв”Җв”Җв”Җв”Җв”Җв”Җв”јв”Җв”Җв”Җв”Җв”Җв”Җв”Җв”Җв”Җв”Җв”јв”Җв”Җв”Җв”Җв”Җв”Җв”Җв”Җв”Җв”Җв”јв”Җв”Җв”Җв”Җв”Җв”Җв”Җв”Җв”Җв”Җв”Ө
в”Ӯ 0  в”Ӯ aurum-server      в”Ӯ default     в”Ӯ 2.0.0   в”Ӯ fork    в”Ӯ 33400    в”Ӯ 0s     в”Ӯ 0    в”Ӯ online    в”Ӯ 0%       в”Ӯ 70.5mb   в”Ӯ user     в”Ӯ disabled в”Ӯ
в”Ӯ 1  в”Ӯ aurum-ui          в”Ӯ default     в”Ӯ N/A     в”Ӯ fork    в”Ӯ 17140    в”Ӯ 0      в”Ӯ 1    в”Ӯ stopped   в”Ӯ 0%       в”Ӯ 0b       в”Ӯ user     в”Ӯ disabled в”Ӯ
в”Ӯ 2  в”Ӯ finmob-backend    в”Ӯ default     в”Ӯ 1.0.0   в”Ӯ fork    в”Ӯ 24480    в”Ӯ 0s     в”Ӯ 0    в”Ӯ online    в”Ӯ 0%       в”Ӯ 61.7mb   в”Ӯ user     в”Ӯ disabled в”Ӯ
в””в”Җв”Җв”Җв”Җв”ҙв”Җв”Җв”Җв”Җв”Җв”Җв”Җв”Җв”Җв”Җв”Җв”Җв”Җв”Җв”Җв”Җв”Җв”Җв”Җв”ҙв”Җв”Җв”Җв”Җв”Җв”Җв”Җв”Җв”Җв”Җв”Җв”Җв”Җв”ҙв”Җв”Җв”Җв”Җв”Җв”Җв”Җв”Җв”Җв”ҙв”Җв”Җв”Җв”Җв”Җв”Җв”Җв”Җв”Җв”ҙв”Җв”Җв”Җв”Җв”Җв”Җв”Җв”Җв”Җв”Җв”ҙв”Җв”Җв”Җв”Җв”Җв”Җв”Җв”Җв”ҙв”Җв”Җв”Җв”Җв”Җв”Җв”ҙв”Җв”Җв”Җв”Җв”Җв”Җв”Җв”Җв”Җв”Җв”Җв”ҙв”Җв”Җв”Җв”Җв”Җв”Җв”Җв”Җв”Җв”Җв”ҙв”Җв”Җв”Җв”Җв”Җв”Җв”Җв”Җв”Җв”Җв”ҙв”Җв”Җв”Җв”Җв”Җв”Җв”Җв”Җв”Җв”Җв”ҙв”Җв”Җв”Җв”Җв”Җв”Җв”Җв”Җв”Җв”Җв”ҳ
[05.05.2026 12:50:32,52] PM2 resurrect done. 
[06.05.2026  7:15:15,67] Starting PM2 services... 
[PM2] Spawning PM2 daemon with pm2_home=C:\Users\user\.pm2
[PM2] PM2 Successfully daemonized
[PM2] Resurrecting
[PM2] Restoring processes located in C:\Users\user\.pm2\dump.pm2
[PM2] Process c:\AURUM\server.js restored
[PM2] Process C:\PROGRAM FILES\NODEJS\NPX.CMD restored
[PM2] Process c:\Projects\FinMob\backend\index.js restored
в”Ңв”Җв”Җв”Җв”Җв”¬в”Җв”Җв”Җв”Җв”Җв”Җв”Җв”Җв”Җв”Җв”Җв”Җв”Җв”Җв”Җв”Җв”Җв”Җв”Җв”¬в”Җв”Җв”Җв”Җв”Җв”Җв”Җв”Җв”Җв”Җв”Җв”Җв”Җв”¬в”Җв”Җв”Җв”Җв”Җв”Җв”Җв”Җв”Җв”¬в”Җв”Җв”Җв”Җв”Җв”Җв”Җв”Җв”Җв”¬в”Җв”Җв”Җв”Җв”Җв”Җв”Җв”Җв”Җв”Җв”¬в”Җв”Җв”Җв”Җв”Җв”Җв”Җв”Җв”¬в”Җв”Җв”Җв”Җв”Җв”Җв”¬в”Җв”Җв”Җв”Җв”Җв”Җв”Җв”Җв”Җв”Җв”Җв”¬в”Җв”Җв”Җв”Җв”Җв”Җв”Җв”Җв”Җв”Җв”¬в”Җв”Җв”Җв”Җв”Җв”Җв”Җв”Җв”Җв”Җв”¬в”Җв”Җв”Җв”Җв”Җв”Җв”Җв”Җв”Җв”Җв”¬в”Җв”Җв”Җв”Җв”Җв”Җв”Җв”Җв”Җв”Җв”җ
в”Ӯ id в”Ӯ name              в”Ӯ namespace   в”Ӯ version в”Ӯ mode    в”Ӯ pid      в”Ӯ uptime в”Ӯ вҶә    в”Ӯ status    в”Ӯ cpu      в”Ӯ mem      в”Ӯ user     в”Ӯ watching в”Ӯ
в”ңв”Җв”Җв”Җв”Җв”јв”Җв”Җв”Җв”Җв”Җв”Җв”Җв”Җв”Җв”Җв”Җв”Җв”Җв”Җв”Җв”Җв”Җв”Җв”Җв”јв”Җв”Җв”Җв”Җв”Җв”Җв”Җв”Җв”Җв”Җв”Җв”Җв”Җв”јв”Җв”Җв”Җв”Җв”Җв”Җв”Җв”Җв”Җв”јв”Җв”Җв”Җв”Җв”Җв”Җв”Җв”Җв”Җв”јв”Җв”Җв”Җв”Җв”Җв”Җв”Җв”Җв”Җв”Җв”јв”Җв”Җв”Җв”Җв”Җв”Җв”Җв”Җв”јв”Җв”Җв”Җв”Җв”Җв”Җв”јв”Җв”Җв”Җв”Җв”Җв”Җв”Җв”Җв”Җв”Җв”Җв”јв”Җв”Җв”Җв”Җв”Җв”Җв”Җв”Җв”Җв”Җв”јв”Җв”Җв”Җв”Җв”Җв”Җв”Җв”Җв”Җв”Җв”јв”Җв”Җв”Җв”Җв”Җв”Җв”Җв”Җв”Җв”Җв”јв”Җв”Җв”Җв”Җв”Җв”Җв”Җв”Җв”Җв”Җв”Ө
в”Ӯ 0  в”Ӯ aurum-server      в”Ӯ default     в”Ӯ 2.0.0   в”Ӯ fork    в”Ӯ 31288    в”Ӯ 0s     в”Ӯ 0    в”Ӯ online    в”Ӯ 0%       в”Ӯ 66.7mb   в”Ӯ user     в”Ӯ disabled в”Ӯ
в”Ӯ 1  в”Ӯ aurum-ui          в”Ӯ default     в”Ӯ N/A     в”Ӯ fork    в”Ӯ 32828    в”Ӯ 0      в”Ӯ 1    в”Ӯ stopped   в”Ӯ 0%       в”Ӯ 0b       в”Ӯ user     в”Ӯ disabled в”Ӯ
в”Ӯ 2  в”Ӯ finmob-backend    в”Ӯ default     в”Ӯ 1.0.0   в”Ӯ fork    в”Ӯ 14560    в”Ӯ 0s     в”Ӯ 0    в”Ӯ online    в”Ӯ 0%       в”Ӯ 59.1mb   в”Ӯ user     в”Ӯ disabled в”Ӯ
в””в”Җв”Җв”Җв”Җв”ҙв”Җв”Җв”Җв”Җв”Җв”Җв”Җв”Җв”Җв”Җв”Җв”Җв”Җв”Җв”Җв”Җв”Җв”Җв”Җв”ҙв”Җв”Җв”Җв”Җв”Җв”Җв”Җв”Җв”Җв”Җв”Җв”Җв”Җв”ҙв”Җв”Җв”Җв”Җв”Җв”Җв”Җв”Җв”Җв”ҙв”Җв”Җв”Җв”Җв”Җв”Җв”Җв”Җв”Җв”ҙв”Җв”Җв”Җв”Җв”Җв”Җв”Җв”Җв”Җв”Җв”ҙв”Җв”Җв”Җв”Җв”Җв”Җв”Җв”Җв”ҙв”Җв”Җв”Җв”Җв”Җв”Җв”ҙв”Җв”Җв”Җв”Җв”Җв”Җв”Җв”Җв”Җв”Җв”Җв”ҙв”Җв”Җв”Җв”Җв”Җв”Җв”Җв”Җв”Җв”Җв”ҙв”Җв”Җв”Җв”Җв”Җв”Җв”Җв”Җв”Җв”Җв”ҙв”Җв”Җв”Җв”Җв”Җв”Җв”Җв”Җв”Җв”Җв”ҙв”Җв”Җв”Җв”Җв”Җв”Җв”Җв”Җв”Җв”Җв”ҳ
[06.05.2026  7:15:29,42] PM2 resurrect done. 
[06.05.2026 21:47:49,38] Starting PM2 services... 
[PM2] Spawning PM2 daemon with pm2_home=C:\Users\user\.pm2
[PM2] PM2 Successfully daemonized
[PM2] Resurrecting
[PM2] Restoring processes located in C:\Users\user\.pm2\dump.pm2
[PM2][ERROR] Failed to read dump file in C:\Users\user\.pm2\dump.pm2
[PM2] Restoring processes located in C:\Users\user\.pm2\dump.pm2.bak
[PM2][ERROR] Failed to read dump file in C:\Users\user\.pm2\dump.pm2.bak
[PM2][ERROR] No processes saved; DUMP file doesn't exist
в”Ңв”Җв”Җв”Җв”Җв”¬в”Җв”Җв”Җв”Җв”Җв”Җв”Җв”Җв”Җв”Җв”Җв”¬в”Җв”Җв”Җв”Җв”Җв”Җв”Җв”Җв”Җв”Җв”Җв”Җв”Җв”¬в”Җв”Җв”Җв”Җв”Җв”Җв”Җв”Җв”Җв”¬в”Җв”Җв”Җв”Җв”Җв”Җв”Җв”Җв”Җв”¬в”Җв”Җв”Җв”Җв”Җв”Җв”Җв”Җв”Җв”Җв”¬в”Җв”Җв”Җв”Җв”Җв”Җв”Җв”Җв”¬в”Җв”Җв”Җв”Җв”Җв”Җв”¬в”Җв”Җв”Җв”Җв”Җв”Җв”Җв”Җв”Җв”Җв”Җв”¬в”Җв”Җв”Җв”Җв”Җв”Җв”Җв”Җв”Җв”Җв”¬в”Җв”Җв”Җв”Җв”Җв”Җв”Җв”Җв”Җв”Җв”¬в”Җв”Җв”Җв”Җв”Җв”Җв”Җв”Җв”Җв”Җв”¬в”Җв”Җв”Җв”Җв”Җв”Җв”Җв”Җв”Җв”Җв”җ
в”Ӯ id в”Ӯ name      в”Ӯ namespace   в”Ӯ version в”Ӯ mode    в”Ӯ pid      в”Ӯ uptime в”Ӯ вҶә    в”Ӯ status    в”Ӯ cpu      в”Ӯ mem      в”Ӯ user     в”Ӯ watching в”Ӯ
в””в”Җв”Җв”Җв”Җв”ҙв”Җв”Җв”Җв”Җв”Җв”Җв”Җв”Җв”Җв”Җв”Җв”ҙв”Җв”Җв”Җв”Җв”Җв”Җв”Җв”Җв”Җв”Җв”Җв”Җв”Җв”ҙв”Җв”Җв”Җв”Җв”Җв”Җв”Җв”Җв”Җв”ҙв”Җв”Җв”Җв”Җв”Җв”Җв”Җв”Җв”Җв”ҙв”Җв”Җв”Җв”Җв”Җв”Җв”Җв”Җв”Җв”Җв”ҙв”Җв”Җв”Җв”Җв”Җв”Җв”Җв”Җв”ҙв”Җв”Җв”Җв”Җв”Җв”Җв”ҙв”Җв”Җв”Җв”Җв”Җв”Җв”Җв”Җв”Җв”Җв”Җв”ҙв”Җв”Җв”Җв”Җв”Җв”Җв”Җв”Җв”Җв”Җв”ҙв”Җв”Җв”Җв”Җв”Җв”Җв”Җв”Җв”Җв”Җв”ҙв”Җв”Җв”Җв”Җв”Җв”Җв”Җв”Җв”Җв”Җв”ҙв”Җв”Җв”Җв”Җв”Җв”Җв”Җв”Җв”Җв”Җв”ҳ
[06.05.2026 21:48:00,78] PM2 resurrect done. 
[07.05.2026 10:41:38,90] Task Scheduler triggered start-servers.bat 
"AURUM" ӯҘ пў«пҘвбп ўӯгваҘӯӯҘ© Ё«Ё ўӯҘиӯҘ©
Ә®¬ ӯӨ®©, ЁбҜ®«ӯпҘ¬®© Ҝа®Ја ¬¬®© Ё«Ё Ҝ ӘҘвӯл¬ д ©«®¬.
===================================================
    FinMob and AURUM Services Startup (Robust)
===================================================
Ҹа®жҘбб ӯҘ ¬®ҰҘв Ҝ®«гзЁвм Ө®бвгҜ Ә д ©«г, в Ә Ә Ә нв®в д ©« § ӯпв ӨагЈЁ¬ Ҝа®жҘбб®¬.
[1/3] Trying PM2 startup...
Ҹа®жҘбб ӯҘ ¬®ҰҘв Ҝ®«гзЁвм Ө®бвгҜ Ә д ©«г, в Ә Ә Ә нв®в д ©« § ӯпв ӨагЈЁ¬ Ҝа®жҘбб®¬.
[2/3] Checking if services are online...
ҚҘҜаҘӨўЁӨҘӯӯ®Ҙ Ҝ®пў«ҘӯЁҘ: not.
