[2026-05-01T13:17:49.413Z] POST /api/inquiries
[2026-05-01T13:19:09.165Z] POST /api/inquiries
[2026-05-01T13:19:16.745Z] GET /api/shares/summary
[2026-05-01T13:19:16.758Z] GET /api/loans
[2026-05-01T13:19:50.693Z] POST /api/inquiries
[2026-05-01T13:21:00.569Z] GET /api/shares/summary
[2026-05-01T13:21:00.607Z] GET /api/loans
[2026-05-01T13:21:05.734Z] POST /api/inquiries
[2026-05-01T13:22:56.610Z] POST /api/inquiries
[2026-05-01T13:26:45.370Z] GET /api/shares/summary
[2026-05-01T13:26:45.379Z] GET /api/loans
[2026-05-01T13:26:49.809Z] GET /api/inquiries
[2026-05-01T13:27:12.821Z] POST /api/inquiries
[2026-05-01T13:27:13.394Z] GET /api/inquiries
[2026-05-01T13:27:54.381Z] GET /api/shares/summary
[2026-05-01T13:27:54.389Z] GET /api/loans
[2026-05-01T13:27:57.048Z] GET /api/inquiries
[2026-05-01T13:29:32.979Z] GET /api/inquiries
[2026-05-01T13:39:52.284Z] GET /api/shares/summary
[2026-05-01T13:39:52.297Z] GET /api/loans
[2026-05-01T13:40:25.396Z] GET /api/inquiries
[2026-05-01T13:40:37.029Z] POST /api/inquiries
[2026-05-01T13:40:37.561Z] GET /api/inquiries
[2026-05-01T13:44:04.988Z] GET /summary 200 (49ms)
[2026-05-01T13:44:04.989Z] GET / 200 (43ms)
[2026-05-01T13:44:08.982Z] GET / 200 (4ms)
[2026-05-01T13:47:15.052Z] GET / 200 (49ms)
[2026-05-01T13:47:15.054Z] GET /summary 200 (63ms)
[2026-05-01T13:47:17.506Z] GET / 200 (3ms)
[2026-05-01T13:47:56.939Z] POST / 200 (45ms)
[2026-05-01T13:47:57.514Z] GET / 200 (3ms)
[2026-05-01T13:48:41.052Z] GET / 200 (32ms)
[2026-05-01T16:17:04.140Z] POST /login 200 (221ms)
[2026-05-01T16:17:04.695Z] GET / 200 (4ms)
[2026-05-01T16:17:04.703Z] GET /summary 200 (1ms)
[2026-05-01T16:57:31.345Z] GET / 200 (70ms)
[2026-05-01T16:58:07.683Z] GET /active 200 (32ms)
[2026-05-01T16:58:07.693Z] GET / 200 (31ms)
[2026-05-01T16:58:07.694Z] GET /summary 200 (34ms)
[2026-05-01T16:58:09.989Z] GET / 200 (3ms)
[2026-05-01T17:00:07.723Z] POST /login 200 (221ms)
[2026-05-01T17:00:08.220Z] GET / 200 (3ms)
[2026-05-01T17:00:08.730Z] GET /active 200 (3ms)
[2026-05-01T17:00:08.732Z] GET /summary 200 (1ms)
[2026-05-01T17:00:13.245Z] GET / 200 (3ms)
[2026-05-01T17:01:07.269Z] GET /summary 200 (33ms)
[2026-05-01T17:01:07.275Z] GET / 200 (31ms)
[2026-05-01T17:01:47.112Z] GET / 200 (31ms)
[2026-05-01T17:03:39.326Z] GET / 200 (34ms)
[2026-05-01T17:08:58.259Z] GET /active 200 (31ms)
[2026-05-01T17:08:58.284Z] GET / 200 (36ms)
[2026-05-01T17:08:58.284Z] GET /summary 200 (38ms)
[2026-05-01T17:09:16.065Z] GET / 200 (139ms)
[2026-05-01T17:09:25.568Z] GET /active 200 (2ms)
[2026-05-01T17:09:25.581Z] GET /summary 200 (3ms)
[2026-05-01T17:09:25.586Z] GET / 200 (2ms)
[2026-05-01T17:15:46.099Z] GET /active 200 (33ms)
[2026-05-01T17:15:46.114Z] GET / 200 (31ms)
[2026-05-01T17:15:46.218Z] GET /summary 200 (137ms)
[2026-05-01T17:17:07.071Z] GET /4c48da4a-4879-4521-9a12-dda6b61d571b/transactions 200 (35ms)
[2026-05-01T17:19:55.617Z] GET /active 200 (53ms)
[2026-05-01T17:19:55.619Z] GET / 200 (46ms)
[2026-05-01T17:19:55.619Z] GET /summary 200 (47ms)
[2026-05-01T17:20:01.129Z] GET /4c48da4a-4879-4521-9a12-dda6b61d571b/transactions 200 (6ms)
[2026-05-01T17:20:03.765Z] GET / 200 (2ms)
[2026-05-01T17:20:04.282Z] GET /active 200 (2ms)
[2026-05-01T17:20:04.284Z] GET /summary 200 (3ms)
[2026-05-01T17:20:21.490Z] GET / 200 (32ms)
[2026-05-01T17:20:25.997Z] GET /4c48da4a-4879-4521-9a12-dda6b61d571b/transactions 200 (6ms)
[2026-05-01T17:20:27.343Z] GET / 200 (2ms)
[2026-05-01T17:20:27.859Z] GET /active 200 (2ms)
[2026-05-01T17:20:27.862Z] GET /summary 200 (2ms)
[2026-05-03T18:37:31.879Z] POST /staff-login 404 (123ms)
[2026-05-03T18:37:56.501Z] POST /staff-login 404 (61ms)
[2026-05-03T18:41:49.256Z] POST /staff-login 404 (65ms)
[2026-05-03T18:41:50.698Z] POST /staff-login 404 (2ms)
[2026-05-03T18:41:51.485Z] POST /staff-login 404 (2ms)
[2026-05-03T18:41:52.135Z] POST /staff-login 404 (1ms)
[2026-05-03T18:41:52.691Z] POST /staff-login 404 (1ms)
[2026-05-03T18:41:53.231Z] POST /staff-login 404 (1ms)
[2026-05-03T18:41:54.198Z] POST /staff-login 404 (1ms)
[2026-05-03T18:41:55.063Z] POST /staff-login 404 (1ms)
[2026-05-03T18:41:55.638Z] POST /staff-login 404 (1ms)
[2026-05-03T18:41:56.240Z] POST /staff-login 404 (1ms)
[2026-05-03T18:41:56.739Z] POST /staff-login 404 (2ms)
[2026-05-03T18:41:57.206Z] POST /staff-login 404 (1ms)
[2026-05-03T18:41:57.674Z] POST /staff-login 404 (1ms)
[2026-05-03T18:41:58.103Z] POST /staff-login 404 (1ms)
[2026-05-03T18:41:58.340Z] POST /staff-login 404 (1ms)
[2026-05-03T18:41:58.523Z] POST /staff-login 404 (1ms)
[2026-05-03T18:41:58.719Z] POST /staff-login 404 (1ms)
[2026-05-03T18:41:58.892Z] POST /staff-login 404 (1ms)
[2026-05-03T18:44:20.096Z] POST /staff-login 404 (178ms)
[2026-05-03T18:46:21.658Z] POST /staff-login 404 (69ms)
[2026-05-03T18:46:22.973Z] POST /staff-login 404 (1ms)
[2026-05-03T18:46:24.471Z] POST /staff-login 404 (1ms)
[2026-05-03T18:46:25.331Z] POST /staff-login 404 (1ms)
[2026-05-03T18:46:26.144Z] POST /staff-login 404 (1ms)
[2026-05-03T18:52:14.155Z] POST /staff-login 404 (81ms)
[2026-05-03T18:52:18.589Z] POST /staff-login 404 (1ms)
[2026-05-03T19:00:43.932Z] POST /staff-login 404 (173ms)
[2026-05-03T19:02:44.082Z] POST /staff-login 404 (71ms)
[2026-05-03T19:03:56.005Z] POST /staff-login 404 (89ms)
[2026-05-03T19:07:57.351Z] POST /staff-login 200 (123ms)
[2026-05-03T19:07:58.143Z] GET /dashboard-stats 200 (7ms)
[2026-05-03T19:07:58.166Z] GET /approvals 200 (6ms)
[2026-05-03T19:07:58.199Z] GET /overdue 200 (38ms)
[2026-05-03T19:07:58.659Z] GET /clients?search= 200 (8ms)
[2026-05-03T19:19:38.448Z] GET /health 200 (1ms)
[2026-05-03T19:20:01.390Z] POST /staff-login 401 (111ms)
[2026-05-03T19:20:57.135Z] GET /dashboard-stats 200 (49ms)
[2026-05-03T19:21:30.650Z] GET /clients?search= 200 (47ms)
[2026-05-03T19:21:30.657Z] GET /approvals 200 (47ms)
[2026-05-03T19:21:30.658Z] GET /dashboard-stats 200 (45ms)
[2026-05-03T19:21:30.660Z] GET /overdue 200 (48ms)
[2026-05-03T19:24:04.254Z] POST /staff-login 200 (356ms)
[2026-05-03T19:24:04.777Z] GET /dashboard-stats 200 (3ms)
[2026-05-03T19:24:05.292Z] GET /clients?search= 200 (7ms)
[2026-05-03T19:24:05.327Z] GET /approvals 200 (40ms)
[2026-05-03T19:24:05.328Z] GET /overdue 200 (40ms)
[2026-05-03T19:36:53.575Z] POST /staff-login 401 (228ms)
[2026-05-03T19:37:27.911Z] POST /staff-login 200 (106ms)
[2026-05-03T19:37:57.468Z] POST /staff-login 401 (109ms)
[2026-05-03T19:38:09.084Z] POST /staff-login 401 (109ms)
[2026-05-03T19:38:27.960Z] POST /staff-login 200 (213ms)
[2026-05-03T19:38:28.707Z] GET /dashboard-stats 200 (4ms)
[2026-05-03T19:38:28.757Z] GET /overdue 200 (7ms)
[2026-05-03T19:38:29.230Z] GET /clients?search= 200 (4ms)
[2026-05-03T19:38:29.259Z] GET /approvals 200 (32ms)
[2026-05-03T19:54:04.401Z] GET /clients/db6404b1-f788-45cc-8f03-2ae74f03ba19 200 (37ms)
[2026-05-03T19:54:11.432Z] GET /clients/b229e75e-12f5-4b2e-b25b-2396d0f8b153 200 (2ms)
[2026-05-03T19:54:28.784Z] GET /clients?search= 200 (46ms)
[2026-05-03T19:54:28.794Z] GET /dashboard-stats 200 (47ms)
[2026-05-03T19:54:28.795Z] GET /approvals 200 (50ms)
[2026-05-03T19:54:28.899Z] GET /overdue 200 (153ms)
[2026-05-03T19:54:37.158Z] GET /clients/9fd67c21-3914-4596-92bd-fa5e51abd774 200 (2ms)
[2026-05-03T19:54:42.711Z] GET /clients/9fd67c21-3914-4596-92bd-fa5e51abd774 200 (1ms)
[2026-05-03T19:54:48.241Z] GET /clients/597672f2-aacb-4fbc-9ed1-95c02baac11e 200 (2ms)
[2026-05-03T19:54:59.412Z] GET /clients/597672f2-aacb-4fbc-9ed1-95c02baac11e 200 (34ms)
[2026-05-03T19:58:08.607Z] GET /clients/9fd67c21-3914-4596-92bd-fa5e51abd774 200 (34ms)
[2026-05-03T19:58:17.218Z] GET /clients?search= 200 (3ms)
[2026-05-03T19:58:17.223Z] GET /approvals 200 (2ms)
[2026-05-03T19:58:17.226Z] GET /overdue 200 (2ms)
[2026-05-03T19:58:17.257Z] GET /dashboard-stats 200 (33ms)
[2026-05-03T19:58:21.781Z] GET /clients/db6404b1-f788-45cc-8f03-2ae74f03ba19 200 (5ms)
[2026-05-03T19:59:20.019Z] GET /clients?search= 200 (70ms)
[2026-05-03T19:59:20.085Z] GET /approvals 200 (116ms)
[2026-05-03T19:59:20.095Z] GET /overdue 200 (118ms)
[2026-05-03T19:59:20.139Z] GET /dashboard-stats 200 (162ms)
[2026-05-03T19:59:31.113Z] GET /clients/db6404b1-f788-45cc-8f03-2ae74f03ba19 200 (37ms)
[2026-05-03T20:04:53.171Z] GET /clients/9fd67c21-3914-4596-92bd-fa5e51abd774 200 (35ms)
[2026-05-03T20:04:55.575Z] GET /clients/597672f2-aacb-4fbc-9ed1-95c02baac11e 200 (2ms)
[2026-05-03T20:05:25.992Z] GET /clients/1ce298e2-2000-40b8-af7d-c1b520611cec 200 (35ms)
[2026-05-03T20:05:47.835Z] GET /clients?search=2%2C 200 (59ms)
[2026-05-03T20:05:53.324Z] GET /clients/004f9fd4-3d86-452f-8ceb-f194e7d4d3b4 200 (2ms)
[2026-05-03T20:05:55.736Z] GET /loans/560ed115-7a1b-4683-b61f-c1684a21a6a8 200 (13ms)
[2026-05-03T20:08:20.590Z] GET /clients?search= 200 (40ms)
[2026-05-03T20:08:20.598Z] GET /dashboard-stats 200 (37ms)
[2026-05-03T20:08:20.600Z] GET /approvals 200 (41ms)
[2026-05-03T20:08:20.601Z] GET /overdue 200 (41ms)
[2026-05-03T20:08:29.139Z] GET /clients/fae28e25-19b4-44dc-87df-cb93d96102b8 200 (2ms)
[2026-05-03T20:08:33.658Z] GET /clients/fae28e25-19b4-44dc-87df-cb93d96102b8/shares 200 (4ms)
[2026-05-03T20:08:38.689Z] GET /clients/fae28e25-19b4-44dc-87df-cb93d96102b8/shares 200 (2ms)
[2026-05-03T20:14:22.663Z] GET /dashboard-stats 200 (45ms)
[2026-05-03T20:14:22.664Z] GET /approvals 200 (47ms)
[2026-05-03T20:14:22.666Z] GET /clients?search= 200 (56ms)
[2026-05-03T20:14:22.666Z] GET /overdue 200 (48ms)
[2026-05-03T20:24:15.037Z] GET /approvals 200 (56ms)
[2026-05-03T20:24:15.041Z] GET /dashboard-stats 200 (44ms)
[2026-05-03T20:24:15.043Z] GET /overdue 200 (47ms)
[2026-05-03T20:24:15.057Z] GET /clients?search= 200 (82ms)
[2026-05-03T20:24:28.239Z] GET /clients/3e21b778-690a-426e-b73d-bc950143ff64 200 (50ms)
[2026-05-03T20:24:32.721Z] GET /loans/aa83bcd6-1896-41d8-a8db-f94730c0024d 200 (11ms)
[2026-05-03T20:25:12.976Z] POST /login 200 (122ms)
[2026-05-03T20:25:13.513Z] GET / 200 (3ms)
[2026-05-03T20:25:13.524Z] GET /summary 200 (2ms)
[2026-05-03T20:25:14.021Z] GET /active 200 (4ms)
[2026-05-03T20:25:46.594Z] GET /4c48da4a-4879-4521-9a12-dda6b61d571b/transactions 200 (35ms)
[2026-05-03T20:25:55.678Z] GET /active 200 (3ms)
[2026-05-03T20:25:55.680Z] GET / 200 (1ms)
[2026-05-03T20:25:55.710Z] GET /summary 200 (34ms)
[2026-05-03T20:32:21.200Z] GET / 200 (32ms)
[2026-05-03T20:32:36.456Z] POST / 200 (51ms)
[2026-05-03T20:32:36.975Z] GET / 200 (2ms)
[2026-05-03T20:33:13.151Z] GET / 200 (32ms)
[2026-05-03T20:34:17.964Z] POST /login 200 (226ms)
[2026-05-03T20:34:18.316Z] GET / 200 (3ms)
[2026-05-03T20:34:18.337Z] GET /summary 200 (1ms)
[2026-05-03T20:34:18.913Z] GET /active 200 (2ms)
[2026-05-03T20:34:26.940Z] GET / 200 (2ms)
[2026-05-03T20:41:09.136Z] GET / 200 (30ms)
[2026-05-03T20:41:45.169Z] POST /login 200 (110ms)
[2026-05-03T20:41:45.665Z] GET / 200 (3ms)
[2026-05-03T20:41:46.183Z] GET /active 200 (3ms)
[2026-05-03T20:41:46.208Z] GET /summary 200 (27ms)
[2026-05-03T20:51:58.252Z] GET /active 200 (33ms)
[2026-05-03T20:51:58.362Z] GET /summary 200 (135ms)
[2026-05-03T20:51:58.364Z] GET / 200 (136ms)
[2026-05-03T20:52:27.221Z] POST /login 200 (112ms)
[2026-05-03T20:52:27.775Z] GET / 200 (2ms)
[2026-05-03T20:52:27.787Z] GET /active 200 (2ms)
[2026-05-03T20:52:27.817Z] GET /summary 200 (31ms)
[2026-05-03T20:57:24.324Z] GET /active 200 (37ms)
[2026-05-03T20:57:24.333Z] GET /summary 200 (37ms)
[2026-05-03T20:57:24.334Z] GET / 200 (37ms)
[2026-05-03T21:12:47.031Z] GET /summary 200 (43ms)
[2026-05-03T21:12:47.032Z] GET /active 200 (51ms)
[2026-05-03T21:12:47.036Z] GET / 200 (48ms)
[2026-05-03T21:13:45.897Z] POST /login 200 (117ms)
[2026-05-03T21:13:46.619Z] GET / 200 (6ms)
[2026-05-03T21:13:46.627Z] GET /active 200 (2ms)
[2026-05-03T21:13:46.656Z] GET /summary 200 (31ms)
[2026-05-03T21:18:14.581Z] GET / 401 (3ms)
[2026-05-03T21:22:25.152Z] GET /active 200 (51ms)
[2026-05-03T21:22:25.154Z] GET /summary 200 (46ms)
[2026-05-03T21:22:25.165Z] GET / 200 (56ms)
[2026-05-03T21:38:07.766Z] GET /summary 200 (36ms)
[2026-05-03T21:38:07.775Z] GET / 200 (43ms)
[2026-05-03T21:38:07.866Z] GET /active 200 (144ms)
[2026-05-03T21:38:26.669Z] POST /login 200 (246ms)
[2026-05-03T21:38:27.054Z] GET / 200 (12ms)
[2026-05-03T21:38:27.068Z] GET /active 200 (3ms)
[2026-05-03T21:38:27.099Z] GET /summary 200 (33ms)
[2026-05-03T21:45:44.066Z] GET /active 200 (36ms)
[2026-05-03T21:45:44.074Z] GET /summary 200 (37ms)
[2026-05-03T21:45:44.083Z] GET / 200 (45ms)
[2026-05-03T21:49:20.564Z] GET / 200 (159ms)
[2026-05-03T21:49:20.877Z] GET /active 200 (3ms)
[2026-05-03T21:49:20.908Z] GET /summary 200 (33ms)
[2026-05-03T21:49:59.495Z] GET /active 200 (38ms)
[2026-05-03T21:49:59.508Z] GET /summary 200 (40ms)
[2026-05-03T21:49:59.519Z] GET / 200 (49ms)
[2026-05-03T21:54:46.326Z] GET /summary 200 (45ms)
[2026-05-03T21:54:46.327Z] GET /active 200 (53ms)
[2026-05-03T21:54:46.338Z] GET / 200 (56ms)
[2026-05-03T21:57:20.874Z] GET /active 200 (37ms)
[2026-05-03T21:57:20.891Z] GET /summary 200 (40ms)
[2026-05-03T21:57:20.910Z] GET / 200 (57ms)
[2026-05-03T21:57:49.434Z] POST /login 200 (128ms)
[2026-05-03T21:57:49.942Z] GET / 200 (12ms)
[2026-05-03T21:57:49.963Z] GET /active 200 (3ms)
[2026-05-03T21:57:49.971Z] GET /summary 200 (2ms)
[2026-05-03T22:02:37.740Z] GET /active 200 (56ms)
[2026-05-03T22:02:37.742Z] GET /summary 200 (50ms)
[2026-05-03T22:02:37.753Z] GET / 200 (58ms)
[2026-05-03T22:02:42.731Z] GET /summary 200 (3ms)
[2026-05-03T22:02:42.742Z] GET / 200 (13ms)
[2026-05-03T22:02:44.887Z] GET /summary 200 (0ms)
[2026-05-03T22:02:44.892Z] GET / 200 (6ms)
[2026-05-03T22:04:30.121Z] GET / 200 (43ms)
[2026-05-03T22:04:30.225Z] GET /summary 200 (149ms)
[2026-05-03T22:05:08.288Z] GET /summary 200 (55ms)
[2026-05-03T22:05:08.289Z] GET /active 200 (65ms)
[2026-05-03T22:05:08.300Z] GET / 200 (66ms)
[2026-05-03T22:05:13.789Z] GET /summary 200 (3ms)
[2026-05-03T22:05:13.798Z] GET / 200 (11ms)
